# JRE version: Java(TM) SE Runtime Environment (8.0_241-b07) (build 1.8.0_241-b07)
# Java VM: Java HotSpot(TM) 64-Bit Server VM (25.241-b07 mixed mode windows-amd64 compressed oops)
Heap:
 PSYoungGen      total 43008K, used 13335K [0x00000000eab00000, 0x00000000f3000000, 0x0000000100000000)
  eden space 42496K, 31% used [0x00000000eab00000,0x00000000eb7dddd0,0x00000000ed480000)
  from space 512K, 31% used [0x00000000f2f00000,0x00000000f2f28000,0x00000000f2f80000)
  to   space 512K, 0% used [0x00000000f2f80000,0x00000000f2f80000,0x00000000f3000000)
 ParOldGen       total 173568K, used 75351K [0x00000000c0000000, 0x00000000ca980000, 0x00000000eab00000)
  object space 173568K, 43% used [0x00000000c0000000,0x00000000c4995d18,0x00000000ca980000)
 Metaspace       used 14180K, capacity 14772K, committed 14848K, reserved 1062912K
  class space    used 2091K, capacity 2249K, committed 2304K, reserved 1048576K
GC Heap History (10 events):
Event: 187.155 GC heap before
{Heap before GC invocations=1428 (full 13):
 PSYoungGen      total 45568K, used 45312K [0x00000000eab00000, 0x00000000f3000000, 0x0000000100000000)
  eden space 45056K, 100% used [0x00000000eab00000,0x00000000ed700000,0x00000000ed700000)
  from space 512K, 50% used [0x00000000f2f80000,0x00000000f2fc0000,0x00000000f3000000)
  to   space 512K, 0% used [0x00000000f2f00000,0x00000000f2f00000,0x00000000f2f80000)
 ParOldGen       total 173568K, used 75351K [0x00000000c0000000, 0x00000000ca980000, 0x00000000eab00000)
  object space 173568K, 43% used [0x00000000c0000000,0x00000000c4995d18,0x00000000ca980000)
 Metaspace       used 14175K, capacity 14772K, committed 14848K, reserved 1062912K
  class space    used 2089K, capacity 2249K, committed 2304K, reserved 1048576K
Event: 187.156 GC heap after
Heap after GC invocations=1428 (full 13):
 PSYoungGen      total 45056K, used 192K [0x00000000eab00000, 0x00000000f3000000, 0x0000000100000000)
  eden space 44544K, 0% used [0x00000000eab00000,0x00000000eab00000,0x00000000ed680000)
  from space 512K, 37% used [0x00000000f2f00000,0x00000000f2f30000,0x00000000f2f80000)
  to   space 512K, 0% used [0x00000000f2f80000,0x00000000f2f80000,0x00000000f3000000)
 ParOldGen       total 173568K, used 75351K [0x00000000c0000000, 0x00000000ca980000, 0x00000000eab00000)
  object space 173568K, 43% used [0x00000000c0000000,0x00000000c4995d18,0x00000000ca980000)
 Metaspace       used 14175K, capacity 14772K, committed 14848K, reserved 1062912K
  class space    used 2089K, capacity 2249K, committed 2304K, reserved 1048576K
}
Event: 187.316 GC heap before
{Heap before GC invocations=1429 (full 13):
 PSYoungGen      total 45056K, used 44736K [0x00000000eab00000, 0x00000000f3000000, 0x0000000100000000)
  eden space 44544K, 100% used [0x00000000eab00000,0x00000000ed680000,0x00000000ed680000)
  from space 512K, 37% used [0x00000000f2f00000,0x00000000f2f30000,0x00000000f2f80000)
  to   space 512K, 0% used [0x00000000f2f80000,0x00000000f2f80000,0x00000000f3000000)
 ParOldGen       total 173568K, used 75351K [0x00000000c0000000, 0x00000000ca980000, 0x00000000eab00000)
  object space 173568K, 43% used [0x00000000c0000000,0x00000000c4995d18,0x00000000ca980000)
 Metaspace       used 14175K, capacity 14772K, committed 14848K, reserved 1062912K
  class space    used 2089K, capacity 2249K, committed 2304K, reserved 1048576K
Event: 187.318 GC heap after
Heap after GC invocations=1429 (full 13):
 PSYoungGen      total 44544K, used 128K [0x00000000eab00000, 0x00000000f3000000, 0x0000000100000000)
  eden space 44032K, 0% used [0x00000000eab00000,0x00000000eab00000,0x00000000ed600000)
  from space 512K, 25% used [0x00000000f2f80000,0x00000000f2fa0000,0x00000000f3000000)
  to   space 512K, 0% used [0x00000000f2f00000,0x00000000f2f00000,0x00000000f2f80000)
 ParOldGen       total 173568K, used 75351K [0x00000000c0000000, 0x00000000ca980000, 0x00000000eab00000)
  object space 173568K, 43% used [0x00000000c0000000,0x00000000c4995d18,0x00000000ca980000)
 Metaspace       used 14175K, capacity 14772K, committed 14848K, reserved 1062912K
  class space    used 2089K, capacity 2249K, committed 2304K, reserved 1048576K
}
Event: 187.487 GC heap before
{Heap before GC invocations=1430 (full 13):
 PSYoungGen      total 44544K, used 44160K [0x00000000eab00000, 0x00000000f3000000, 0x0000000100000000)
  eden space 44032K, 100% used [0x00000000eab00000,0x00000000ed600000,0x00000000ed600000)
  from space 512K, 25% used [0x00000000f2f80000,0x00000000f2fa0000,0x00000000f3000000)
  to   space 512K, 0% used [0x00000000f2f00000,0x00000000f2f00000,0x00000000f2f80000)
 ParOldGen       total 173568K, used 75351K [0x00000000c0000000, 0x00000000ca980000, 0x00000000eab00000)
  object space 173568K, 43% used [0x00000000c0000000,0x00000000c4995d18,0x00000000ca980000)
 Metaspace       used 14175K, capacity 14772K, committed 14848K, reserved 1062912K
  class space    used 2089K, capacity 2249K, committed 2304K, reserved 1048576K
Event: 187.489 GC heap after
Heap after GC invocations=1430 (full 13):
 PSYoungGen      total 44032K, used 128K [0x00000000eab00000, 0x00000000f3000000, 0x0000000100000000)
  eden space 43520K, 0% used [0x00000000eab00000,0x00000000eab00000,0x00000000ed580000)
  from space 512K, 25% used [0x00000000f2f00000,0x00000000f2f20000,0x00000000f2f80000)
  to   space 512K, 0% used [0x00000000f2f80000,0x00000000f2f80000,0x00000000f3000000)
 ParOldGen       total 173568K, used 75351K [0x00000000c0000000, 0x00000000ca980000, 0x00000000eab00000)
  object space 173568K, 43% used [0x00000000c0000000,0x00000000c4995d18,0x00000000ca980000)
 Metaspace       used 14175K, capacity 14772K, committed 14848K, reserved 1062912K
  class space    used 2089K, capacity 2249K, committed 2304K, reserved 1048576K
}
Event: 187.801 GC heap before
{Heap before GC invocations=1431 (full 13):
 PSYoungGen      total 44032K, used 43647K [0x00000000eab00000, 0x00000000f3000000, 0x0000000100000000)
  eden space 43520K, 99% used [0x00000000eab00000,0x00000000ed57fff8,0x00000000ed580000)
  from space 512K, 25% used [0x00000000f2f00000,0x00000000f2f20000,0x00000000f2f80000)
  to   space 512K, 0% used [0x00000000f2f80000,0x00000000f2f80000,0x00000000f3000000)
 ParOldGen       total 173568K, used 75351K [0x00000000c0000000, 0x00000000ca980000, 0x00000000eab00000)
  object space 173568K, 43% used [0x00000000c0000000,0x00000000c4995d18,0x00000000ca980000)
 Metaspace       used 14175K, capacity 14772K, committed 14848K, reserved 1062912K
  class space    used 2089K, capacity 2249K, committed 2304K, reserved 1048576K
Event: 187.804 GC heap after
Heap after GC invocations=1431 (full 13):
 PSYoungGen      total 43520K, used 160K [0x00000000eab00000, 0x00000000f3000000, 0x0000000100000000)
  eden space 43008K, 0% used [0x00000000eab00000,0x00000000eab00000,0x00000000ed500000)
  from space 512K, 31% used [0x00000000f2f80000,0x00000000f2fa8000,0x00000000f3000000)
  to   space 512K, 0% used [0x00000000f2f00000,0x00000000f2f00000,0x00000000f2f80000)
 ParOldGen       total 173568K, used 75351K [0x00000000c0000000, 0x00000000ca980000, 0x00000000eab00000)
  object space 173568K, 43% used [0x00000000c0000000,0x00000000c4995d18,0x00000000ca980000)
 Metaspace       used 14175K, capacity 14772K, committed 14848K, reserved 1062912K
  class space    used 2089K, capacity 2249K, committed 2304K, reserved 1048576K
}
Event: 188.123 GC heap before
{Heap before GC invocations=1432 (full 13):
 PSYoungGen      total 43520K, used 43168K [0x00000000eab00000, 0x00000000f3000000, 0x0000000100000000)
  eden space 43008K, 100% used [0x00000000eab00000,0x00000000ed500000,0x00000000ed500000)
  from space 512K, 31% used [0x00000000f2f80000,0x00000000f2fa8000,0x00000000f3000000)
  to   space 512K, 0% used [0x00000000f2f00000,0x00000000f2f00000,0x00000000f2f80000)
 ParOldGen       total 173568K, used 75351K [0x00000000c0000000, 0x00000000ca980000, 0x00000000eab00000)
  object space 173568K, 43% used [0x00000000c0000000,0x00000000c4995d18,0x00000000ca980000)
 Metaspace       used 14175K, capacity 14772K, committed 14848K, reserved 1062912K
  class space    used 2089K, capacity 2249K, committed 2304K, reserved 1048576K
Event: 188.125 GC heap after
Heap after GC invocations=1432 (full 13):
 PSYoungGen      total 43008K, used 160K [0x00000000eab00000, 0x00000000f3000000, 0x0000000100000000)
  eden space 42496K, 0% used [0x00000000eab00000,0x00000000eab00000,0x00000000ed480000)
  from space 512K, 31% used [0x00000000f2f00000,0x00000000f2f28000,0x00000000f2f80000)
  to   space 512K, 0% used [0x00000000f2f80000,0x00000000f2f80000,0x00000000f3000000)
 ParOldGen       total 173568K, used 75351K [0x00000000c0000000, 0x00000000ca980000, 0x00000000eab00000)
  object space 173568K, 43% used [0x00000000c0000000,0x00000000c4995d18,0x00000000ca980000)
 Metaspace       used 14175K, capacity 14772K, committed 14848K, reserved 1062912K
  class space    used 2089K, capacity 2249K, committed 2304K, reserved 1048576K
}

